[09:51:30] [main/INFO]: Loading Minecraft 1.20.1 with Fabric Loader 0.15.10
[09:51:30] [main/INFO]: Fabric is preparing JARs on first launch, this may take a few seconds...
[09:51:30] [main/INFO]: Loading 4 mods:
	- fabricloader 0.15.10
	   \-- mixinextras 0.3.5
	- java 17
	- minecraft 1.20.1
[09:51:30] [main/INFO]: SpongePowered MIXIN Subsystem Version=0.8.5 Source=file:/C:/Users/Alex/AppData/Roaming/PrismLauncher/libraries/net/fabricmc/sponge-mixin/0.13.3+mixin.0.8.5/sponge-mixin-0.13.3+mixin.0.8.5.jar Service=Knot/Fabric Env=CLIENT
[09:51:35] [Datafixer Bootstrap/INFO]: 188 Datafixer optimizations took 154 milliseconds
[09:51:37] [Render thread/INFO]: Environment: authHost='https://authserver.mojang.com', accountsHost='https://api.mojang.com', sessionHost='https://sessionserver.mojang.com', servicesHost='https://api.minecraftservices.com', name='PROD'
[09:51:37] [Render thread/INFO]: Setting user: kilo_
[09:51:37] [Render thread/INFO]: Backend library: LWJGL version 3.3.1 SNAPSHOT
[09:51:39] [Render thread/INFO]: Reloading ResourceManager: vanilla
[09:51:39] [Worker-Main-7/INFO]: Found unifont_all_no_pua-15.0.06.hex, loading
[09:51:41] [Render thread/WARN]: Missing sound for event: minecraft:item.goat_horn.play
[09:51:41] [Render thread/WARN]: Missing sound for event: minecraft:entity.goat.screaming.horn_break
[09:51:41] [Render thread/INFO]: OpenAL initialized on device OpenAL Soft on SONAR GAME (SteelSeries Sonar Virtual Audio Device)
[09:51:41] [Render thread/INFO]: Sound engine started
[09:51:41] [Render thread/INFO]: Created: 1024x512x4 minecraft:textures/atlas/blocks.png-atlas
[09:51:41] [Render thread/INFO]: Created: 256x256x4 minecraft:textures/atlas/signs.png-atlas
[09:51:41] [Render thread/INFO]: Created: 512x512x4 minecraft:textures/atlas/banner_patterns.png-atlas
[09:51:41] [Render thread/INFO]: Created: 512x512x4 minecraft:textures/atlas/shield_patterns.png-atlas
[09:51:41] [Render thread/INFO]: Created: 1024x1024x4 minecraft:textures/atlas/armor_trims.png-atlas
[09:51:41] [Render thread/INFO]: Created: 256x256x4 minecraft:textures/atlas/chest.png-atlas
[09:51:41] [Render thread/INFO]: Created: 128x64x4 minecraft:textures/atlas/decorated_pot.png-atlas
[09:51:41] [Render thread/INFO]: Created: 512x256x4 minecraft:textures/atlas/beds.png-atlas
[09:51:41] [Render thread/INFO]: Created: 512x256x4 minecraft:textures/atlas/shulker_boxes.png-atlas
[09:51:41] [Render thread/WARN]: Shader rendertype_entity_translucent_emissive could not find sampler named Sampler2 in the specified shader program.
[09:51:42] [Render thread/INFO]: Created: 256x256x0 minecraft:textures/atlas/particles.png-atlas
[09:51:42] [Render thread/INFO]: Created: 256x256x0 minecraft:textures/atlas/paintings.png-atlas
[09:51:42] [Render thread/INFO]: Created: 128x128x0 minecraft:textures/atlas/mob_effects.png-atlas
[09:51:51] [Render thread/INFO]: Stopping!
